Compiled jquery.js  (71ms)  (pid 12313)
Compiled jquery-ui.js  (7ms)  (pid 12313)
Compiled jquery_ujs.js  (0ms)  (pid 12313)
Compiled bootstrap-transition.js  (0ms)  (pid 12313)
Compiled bootstrap-affix.js  (0ms)  (pid 12313)
Compiled bootstrap-alert.js  (0ms)  (pid 12313)
Compiled bootstrap-button.js  (1ms)  (pid 12313)
Compiled bootstrap-carousel.js  (0ms)  (pid 12313)
Compiled bootstrap-collapse.js  (0ms)  (pid 12313)
Compiled bootstrap-dropdown.js  (0ms)  (pid 12313)
Compiled bootstrap-modal.js  (0ms)  (pid 12313)
Compiled bootstrap-scrollspy.js  (0ms)  (pid 12313)
Compiled bootstrap-tab.js  (0ms)  (pid 12313)
Compiled bootstrap-tooltip.js  (1ms)  (pid 12313)
Compiled bootstrap-popover.js  (0ms)  (pid 12313)
Compiled bootstrap-typeahead.js  (1ms)  (pid 12313)
Compiled bootstrap.js  (66ms)  (pid 12313)
Compiled best_in_place.js  (67ms)  (pid 12313)
Compiled select2.js  (2ms)  (pid 12313)
Compiled jquery.ui.core.js  (0ms)  (pid 12313)
Compiled jquery.ui.datepicker.js  (5ms)  (pid 12313)
Compiled lazybox.js  (356ms)  (pid 12313)
Compiled cocoon.js  (0ms)  (pid 12313)
Compiled date/en-US.js  (0ms)  (pid 12313)
Compiled date/core.js  (1ms)  (pid 12313)
Compiled date/parser.js  (1ms)  (pid 12313)
Compiled date/sugarpak.js  (1ms)  (pid 12313)
Compiled date/time.js  (0ms)  (pid 12313)
Compiled date.js  (30ms)  (pid 12313)
Compiled jquery.turbolinks.js  (0ms)  (pid 12313)
Compiled spin.js  (0ms)  (pid 12313)
Compiled jquery.spin.js  (10ms)  (pid 12313)
Compiled jquery.imagesloaded.min.js  (0ms)  (pid 12313)
Compiled jquery.disabler.min.js  (0ms)  (pid 12313)
Compiled fullcalendar.js  (2ms)  (pid 12313)
Compiled bootbox.js  (0ms)  (pid 12313)
Compiled gmaps4rails/base/common.js  (134ms)  (pid 12313)
Compiled gmaps4rails/base/configuration.js  (118ms)  (pid 12313)
Compiled gmaps4rails/base/gmaps.js  (204ms)  (pid 12313)
Compiled gmaps4rails/base/objects/circle.js  (96ms)  (pid 12313)
Compiled gmaps4rails/base/objects/kml.js  (98ms)  (pid 12313)
Compiled gmaps4rails/base/objects/map.js  (151ms)  (pid 12313)
Compiled gmaps4rails/base/objects/marker.js  (142ms)  (pid 12313)
Compiled gmaps4rails/base/objects/polygon.js  (160ms)  (pid 12313)
Compiled gmaps4rails/base/objects/polyline.js  (95ms)  (pid 12313)
Compiled gmaps4rails/base/main_controller_extensions/circle_controller.js  (108ms)  (pid 12313)
Compiled gmaps4rails/base/main_controller_extensions/kml_controller.js  (108ms)  (pid 12313)
Compiled gmaps4rails/base/main_controller_extensions/marker_controller.js  (168ms)  (pid 12313)
Compiled gmaps4rails/base/main_controller_extensions/polygon_controller.js  (167ms)  (pid 12313)
Compiled gmaps4rails/base/main_controller_extensions/polyline_controller.js  (121ms)  (pid 12313)
Compiled gmaps4rails/base/interfaces/basic_interface.js  (95ms)  (pid 12313)
Compiled gmaps4rails/base/interfaces/controller_interface.js  (98ms)  (pid 12313)
Compiled gmaps4rails/base/interfaces/map_interface.js  (101ms)  (pid 12313)
Compiled gmaps4rails/base/interfaces/marker_interface.js  (155ms)  (pid 12313)
Compiled gmaps4rails/base/main.js  (2595ms)  (pid 12313)
Compiled gmaps4rails/base.js  (2701ms)  (pid 12313)
Compiled gmaps4rails/google/shared.js  (108ms)  (pid 12313)
Compiled gmaps4rails/google/objects/circle.js  (136ms)  (pid 12313)
Compiled gmaps4rails/google/objects/kml.js  (171ms)  (pid 12313)
Compiled gmaps4rails/google/objects/map.js  (179ms)  (pid 12313)
Compiled gmaps4rails/google/objects/marker.js  (247ms)  (pid 12313)
Compiled gmaps4rails/google/objects/polygon.js  (134ms)  (pid 12313)
Compiled gmaps4rails/google/objects/polyline.js  (139ms)  (pid 12313)
Compiled gmaps4rails/google/main.js  (1341ms)  (pid 12313)
Compiled gmaps4rails/google.js  (1443ms)  (pid 12313)
Compiled bnbeezy.js  (104ms)  (pid 12313)
Compiled utilities.js  (166ms)  (pid 12313)
Compiled ajax_helper.js  (141ms)  (pid 12313)
Compiled initialize.js  (159ms)  (pid 12313)
Compiled application.js  (5500ms)  (pid 12313)
Compiled bookings.js  (241ms)  (pid 12313)
Compiled fullcalendar.css  (0ms)  (pid 12313)
Compiled lazybox.css  (11ms)  (pid 12313)
Compiled jquery.ui.core.css  (2ms)  (pid 12313)
Compiled jquery.ui.theme.css  (12ms)  (pid 12313)
Compiled jquery.ui.datepicker.css  (27ms)  (pid 12313)
Compiled select2.css  (137ms)  (pid 12313)
Compiled gmaps4rails.css  (0ms)  (pid 12313)
Compiled normalize-rails/normalize.css  (0ms)  (pid 12313)
Compiled normalize-rails/index.css  (3ms)  (pid 12313)
Compiled bnbs.css  (9ms)  (pid 12313)
Compiled bookings.css  (5ms)  (pid 12313)
Compiled bootstrap_and_overrides.css  (1444ms)  (pid 12313)
Compiled static_pages.css  (10ms)  (pid 12313)
Compiled application.css  (1717ms)  (pid 12313)
Compiled head.js  (1ms)  (pid 12313)
Compiled head.min.js  (1ms)  (pid 12313)
